#
# There is insufficient memory for the Java Runtime Environment to continue.
# Native memory allocation (malloc) failed to allocate 1048576 bytes for AllocateHeap
# Possible reasons:
#   The system is out of physical RAM or swap space
#   In 32 bit mode, the process size limit was hit
# Possible solutions:
#   Reduce memory load on the system
#   Increase physical memory or swap space
#   Check if swap backing store is full
#   Use 64 bit Java on a 64 bit OS
#   Decrease Java heap size (-Xmx/-Xms)
#   Decrease number of Java threads
#   Decrease Java thread stack sizes (-Xss)
#   Set larger code cache with -XX:ReservedCodeCacheSize=
# This output file may be truncated or incomplete.
#
#  Out of Memory Error (memory/allocation.inline.hpp:61), pid=10668, tid=0x0000000000002d94
#
# JRE version:  (8.0_121-b13) (build )
# Java VM: Java HotSpot(TM) 64-Bit Server VM (25.121-b13 mixed mode windows-amd64 compressed oops)
# Failed to write core dump. Minidumps are not enabled by default on client versions of Windows
#

---------------  T H R E A D  ---------------

Current thread (0x0000000004fde000):  JavaThread "Unknown thread" [_thread_in_vm, id=11668, stack(0x0000000004ed0000,0x0000000004fd0000)]

Stack: [0x0000000004ed0000,0x0000000004fd0000]
[error occurred during error reporting (printing stack bounds), id 0xc0000005]

Native frames: (J=compiled Java code, j=interpreted, Vv=VM code, C=native code)


---------------  P R O C E S S  ---------------

Java Threads: ( => current thread )

Other Threads:

=>0x0000000004fde000 (exited) JavaThread "Unknown thread" [_thread_in_vm, id=11668, stack(0x0000000004ed0000,0x0000000004fd0000)]

VM state:not at safepoint (normal execution)

VM Mutex/Monitor currently owned by a thread: None

Heap:
 PSYoungGen      total 18944K, used 327K [0x00000000eab00000, 0x00000000ec000000, 0x0000000100000000)
  eden space 16384K, 2% used [0x00000000eab00000,0x00000000eab51ec8,0x00000000ebb00000)
  from space 2560K, 0% used [0x00000000ebd80000,0x00000000ebd80000,0x00000000ec000000)
  to   space 2560K, 0% used [0x00000000ebb00000,0x00000000ebb00000,0x00000000ebd80000)
 ParOldGen       total 44032K, used 0K [0x00000000c0000000, 0x00000000c2b00000, 0x00000000eab00000)
  object space 44032K, 0% used [0x00000000c0000000,0x00000000c0000000,0x00000000c2b00000)
 Metaspace       used 783K, capacity 1092K, committed 1152K, reserved 1060864K
  class space    used 75K, capacity 384K, committed 384K, reserved 1048576K

Card table byte_map: [0x00000000144a0000,0x00000000146b0000] byte_map_base: 0x0000000013ea0000

Marking Bits: (ParMarkBitMap*) 0x000000005224b6d0
 Begin Bits: [0x0000000014c10000, 0x0000000015c10000)
 End Bits:   [0x0000000015c10000, 0x0000000016c10000)

Polling page: 0x0000000003140000

CodeCache: size=245760Kb used=328Kb max_used=328Kb free=245431Kb
 bounds [0x00000000050e0000, 0x0000000005350000, 0x00000000140e0000]
 total_blobs=58 nmethods=0 adapters=38
 compilation: enabled

Compilation events (0 events):
No events

GC Heap History (0 events):
No events

Deoptimization events (0 events):
No events

Internal exceptions (0 events):
No events

Events (10 events):
Event: 0.055 loading class java/lang/Short
Event: 0.055 loading class java/lang/Short done
Event: 0.055 loading class java/lang/Integer
Event: 0.055 loading class java/lang/Integer done
Event: 0.055 loading class java/lang/Long
Event: 0.055 loading class java/lang/Long done
Event: 0.056 loading class java/lang/NullPointerException
Event: 0.056 loading class java/lang/NullPointerException done
Event: 0.056 loading class java/lang/ArithmeticException
Event: 0.056 loading class java/lang/ArithmeticException done


Dynamic libraries:
0x00007ff796320000 - 0x00007ff796357000 	C:\Program Files\Java\jdk1.8.0_121\bin\java.exe
0x00007ffe0ad40000 - 0x00007ffe0af20000 	C:\WINDOWS\SYSTEM32\ntdll.dll
0x00007ffe09b10000 - 0x00007ffe09bbe000 	C:\WINDOWS\System32\KERNEL32.DLL
0x00007ffe074a0000 - 0x00007ffe07706000 	C:\WINDOWS\System32\KERNELBASE.dll
0x00007ffe0a7e0000 - 0x00007ffe0a881000 	C:\WINDOWS\System32\ADVAPI32.dll
0x00007ffe0a010000 - 0x00007ffe0a0ad000 	C:\WINDOWS\System32\msvcrt.dll
0x00007ffe0acb0000 - 0x00007ffe0ad0b000 	C:\WINDOWS\System32\sechost.dll
0x00007ffe0a3b0000 - 0x00007ffe0a4cf000 	C:\WINDOWS\System32\RPCRT4.dll
0x00007ffe09920000 - 0x00007ffe09aaf000 	C:\WINDOWS\System32\USER32.dll
0x00007ffe07140000 - 0x00007ffe07160000 	C:\WINDOWS\System32\win32u.dll
0x00007ffe0a160000 - 0x00007ffe0a188000 	C:\WINDOWS\System32\GDI32.dll
0x00007ffe07300000 - 0x00007ffe07493000 	C:\WINDOWS\System32\gdi32full.dll
0x00007ffe07260000 - 0x00007ffe072fb000 	C:\WINDOWS\System32\msvcp_win.dll
0x00007ffe07160000 - 0x00007ffe07256000 	C:\WINDOWS\System32\ucrtbase.dll
0x00007ffdfae10000 - 0x00007ffdfb079000 	C:\WINDOWS\WinSxS\amd64_microsoft.windows.common-controls_6595b64144ccf1df_6.0.16299.371_none_15c7d1789365a290\COMCTL32.dll
0x00007ffe0a4d0000 - 0x00007ffe0a7d8000 	C:\WINDOWS\System32\combase.dll
0x00007ffe077c0000 - 0x00007ffe07832000 	C:\WINDOWS\System32\bcryptPrimitives.dll
0x00007ffe08210000 - 0x00007ffe0823d000 	C:\WINDOWS\System32\IMM32.DLL
0x0000000052870000 - 0x0000000052942000 	C:\Program Files\Java\jdk1.8.0_121\jre\bin\msvcr100.dll
0x0000000051a30000 - 0x00000000522cb000 	C:\Program Files\Java\jdk1.8.0_121\jre\bin\server\jvm.dll
0x00007ffe0aca0000 - 0x00007ffe0aca8000 	C:\WINDOWS\System32\PSAPI.DLL
0x00007ffe05fa0000 - 0x00007ffe05fa9000 	C:\WINDOWS\SYSTEM32\WSOCK32.dll
0x00007ffe050b0000 - 0x00007ffe050d3000 	C:\WINDOWS\SYSTEM32\WINMM.dll
0x00007ffe0a340000 - 0x00007ffe0a3ac000 	C:\WINDOWS\System32\WS2_32.dll
0x00007ffe05080000 - 0x00007ffe050aa000 	C:\WINDOWS\SYSTEM32\WINMMBASE.dll
0x00007ffe02030000 - 0x00007ffe0203a000 	C:\WINDOWS\SYSTEM32\VERSION.dll
0x00007ffe07710000 - 0x00007ffe0775a000 	C:\WINDOWS\System32\cfgmgr32.dll
0x0000000052ad0000 - 0x0000000052adf000 	C:\Program Files\Java\jdk1.8.0_121\jre\bin\verify.dll
0x0000000052aa0000 - 0x0000000052ac9000 	C:\Program Files\Java\jdk1.8.0_121\jre\bin\java.dll
0x0000000052a80000 - 0x0000000052a96000 	C:\Program Files\Java\jdk1.8.0_121\jre\bin\zip.dll

VM Arguments:
jvm_args: -Djava.awt.headless=true -Xmx1024M -Dfile.encoding=windows-1252 -Duser.country=US -Duser.language=en -Duser.variant 
java_command: com.android.dx.command.Main --dex --num-threads=4 --output C:\Users\livsp\Desktop\App\twitter\android\app\build\intermediates\pre-dexed\debug\com.facebook.fbui.textlayoutbuilder-textlayoutbuilder-1.0.0_5d3522141862ea1b3d131edd6a7ea8738c61453c.jar C:\Users\livsp\Desktop\App\twitter\android\app\build\intermediates\exploded-aar\com.facebook.fbui.textlayoutbuilder\textlayoutbuilder\1.0.0\jars\classes.jar
java_class_path (initial): C:\Users\livsp\AppData\Local\Android\Sdk\build-tools\23.0.1\lib\dx.jar
Launcher Type: SUN_STANDARD

Environment Variables:
JAVA_HOME=C:\Program Files\Java\jdk1.8.0_121
CLASSPATH=C:\Users\livsp\Desktop\App\twitter\android\\gradle\wrapper\gradle-wrapper.jar
PATH=C:\ProgramData\Oracle\Java\javapath;C:\WINDOWS\system32;C:\WINDOWS;C:\WINDOWS\System32\Wbem;C:\WINDOWS\System32\WindowsPowerShell\v1.0\;C:\Program Files (x86)\Windows Kits\10\Windows Performance Toolkit\;C:\Program Files\Java\jdk1.8.0_121\bin;C:\WINDOWS\system32\config\systemprofile\.dnx\bin;C:\Program Files\Microsoft DNX\Dnvm\;C:\Program Files\Microsoft SQL Server\130\Tools\Binn\;C:\Program Files\Git\cmd;C:\Program Files\MySQL\MySQL Utilities 1.6\;C:\Program Files\nodejs\;C:\Program Files\Java\jre1.8.0_151;C:\Program Files\Java\jdk1.8.0_121\lib;C:\Users\livsp\AppData\Local\Android\Sdk\tools;C:\Users\livsp\AppData\Local\Android\Sdk\platform-tools;C:\Users\livsp\AppData\Local\Microsoft\WindowsApps;C:\Users\livsp\AppData\Roaming\Dashlane\4.6.6.23032\bin\Firefox_Extension\{442718d9-475e-452a-b3e1-fb1ee16b8e9f}\components;C:\Users\livsp\AppData\Roaming\Dashlane\4.7.2.29375\bin\Firefox_Extension\{442718d9-475e-452a-b3e1-fb1ee16b8e9f}\components;C:\Users\livsp\AppData\Roaming\Dashlane\4.7.2.29375\ucrt;C:\Users\livsp\AppData\Roaming\npm;C:\Users\livsp\AppData\Local\atom\bin;C:\Users\livsp\AppData\Local\Microsoft\WindowsApps;C:\Program Files\Microsoft VS Code\bin
USERNAME=livsp
OS=Windows_NT
PROCESSOR_IDENTIFIER=Intel64 Family 6 Model 61 Stepping 4, GenuineIntel



---------------  S Y S T E M  ---------------

OS: Windows 10.0 , 64 bit Build 16299 (10.0.16299.15)

CPU:total 4 (2 cores per cpu, 2 threads per core) family 6 model 61 stepping 4, cmov, cx8, fxsr, mmx, sse, sse2, sse3, ssse3, sse4.1, sse4.2, popcnt, avx, avx2, aes, clmul, erms, 3dnowpref, lzcnt, ht, tsc, tscinvbit, bmi1, bmi2, adx

Memory: 4k page, physical 4091272k(402536k free), swap 6188424k(5636k free)

vm_info: Java HotSpot(TM) 64-Bit Server VM (25.121-b13) for windows-amd64 JRE (1.8.0_121-b13), built on Dec 12 2016 18:21:36 by "java_re" with MS VC++ 10.0 (VS2010)

time: Sun Apr 22 11:02:08 2018
elapsed time: 0 seconds (0d 0h 0m 0s)

